Performing C++ SOURCE FILE Test EIGEN_COMPILER_SUPPORT_CPP11 failed with the following output:
Change Dir: C:/Users/76063/Desktop/Quasi-Newton-Methods-for-Real-time-Simulation-of-Hyperelastic-Materials-master/Libs/Eigen_3_3_1/out/build/x64-Debug (default)/CMakeFiles/CMakeTmp

Run Build Command(s):C:/Program Files (x86)/Microsoft Visual Studio/2019/Community/Common7/IDE/CommonExtensions/Microsoft/CMake/Ninja/ninja.exe cmTC_501f7 && [1/2] Building CXX object CMakeFiles\cmTC_501f7.dir\src.cxx.obj
cl : Command line warning D9002 : ignoring unknown option '-std=c++11'
[2/2] Linking CXX executable cmTC_501f7.exe


Source file was:
int main() { return 0; }
Performing C++ SOURCE FILE Test EIGEN_COMPILER_SUPPORT_CXX11 failed with the following output:
Change Dir: C:/Users/76063/Desktop/Quasi-Newton-Methods-for-Real-time-Simulation-of-Hyperelastic-Materials-master/Libs/Eigen_3_3_1/out/build/x64-Debug (default)/CMakeFiles/CMakeTmp

Run Build Command(s):C:/Program Files (x86)/Microsoft Visual Studio/2019/Community/Common7/IDE/CommonExtensions/Microsoft/CMake/Ninja/ninja.exe cmTC_8c7c6 && [1/2] Building CXX object CMakeFiles\cmTC_8c7c6.dir\src.cxx.obj
cl : Command line warning D9002 : ignoring unknown option '-std=c++11'
[2/2] Linking CXX executable cmTC_8c7c6.exe


Source file was:
int main() { return 0; }
Performing C++ SOURCE FILE Test COMPILER_SUPPORT_FASTMATH failed with the following output:
Change Dir: C:/Users/76063/Desktop/Quasi-Newton-Methods-for-Real-time-Simulation-of-Hyperelastic-Materials-master/Libs/Eigen_3_3_1/out/build/x64-Debug (default)/CMakeFiles/CMakeTmp

Run Build Command(s):C:/Program Files (x86)/Microsoft Visual Studio/2019/Community/Common7/IDE/CommonExtensions/Microsoft/CMake/Ninja/ninja.exe cmTC_3919f && [1/2] Building CXX object CMakeFiles\cmTC_3919f.dir\src.cxx.obj
cl : Command line warning D9002 : ignoring unknown option '-ffast-math'
[2/2] Linking CXX executable cmTC_3919f.exe


Source file was:
int main() { return 0; }
Determining if the include file pthread.h exists failed with the following output:
Change Dir: C:/Users/76063/Desktop/Quasi-Newton-Methods-for-Real-time-Simulation-of-Hyperelastic-Materials-master/Libs/Eigen_3_3_1/out/build/x64-Debug (default)/CMakeFiles/CMakeTmp

Run Build Command(s):C:/Program Files (x86)/Microsoft Visual Studio/2019/Community/Common7/IDE/CommonExtensions/Microsoft/CMake/Ninja/ninja.exe cmTC_b841b && [1/2] Building C object CMakeFiles\cmTC_b841b.dir\CheckIncludeFile.c.obj
FAILED: CMakeFiles/cmTC_b841b.dir/CheckIncludeFile.c.obj 
C:\PROGRA~2\MICROS~2\2019\COMMUN~1\VC\Tools\MSVC\1428~1.293\bin\Hostx64\x64\cl.exe  /nologo   /DWIN32 /D_WINDOWS /W3  /MDd /Zi /Ob0 /Od /RTC1 /showIncludes /FoCMakeFiles\cmTC_b841b.dir\CheckIncludeFile.c.obj /FdCMakeFiles\cmTC_b841b.dir\ /FS -c CheckIncludeFile.c
CheckIncludeFile.c(1): fatal error C1083: Cannot open include file: 'pthread.h': No such file or directory
ninja: build stopped: subcommand failed.



